{"C:\\Users\\MKUMAR354\\Desktop\\nodeExpress\\src\\api\\FirstVersion.ts": {"path":"C:\\Users\\MKUMAR354\\Desktop\\nodeExpress\\src\\api\\FirstVersion.ts","statementMap":{"0":{"start":{"line":3,"column":0},"end":{"line":3,"column":null}},"1":{"start":{"line":4,"column":4},"end":{"line":10,"column":null}},"2":{"start":{"line":5,"column":8},"end":{"line":9,"column":14}},"3":{"start":{"line":11,"column":0},"end":{"line":11,"column":null}}},"fnMap":{"0":{"name":"(anonymous_0)","decl":{"start":{"line":3,"column":0},"end":{"line":3,"column":null}},"loc":{"start":{"line":3,"column":0},"end":{"line":11,"column":null}}},"1":{"name":"(anonymous_2)","decl":{"start":{"line":4,"column":4},"end":{"line":4,"column":9}},"loc":{"start":{"line":4,"column":22},"end":{"line":10,"column":6}}}},"branchMap":{},"s":{"0":1,"1":1,"2":1,"3":1},"f":{"0":2,"1":1},"b":{}}
,"C:\\Users\\MKUMAR354\\Desktop\\nodeExpress\\src\\api\\SecondVersion.ts": {"path":"C:\\Users\\MKUMAR354\\Desktop\\nodeExpress\\src\\api\\SecondVersion.ts","statementMap":{"0":{"start":{"line":3,"column":0},"end":{"line":3,"column":null}},"1":{"start":{"line":4,"column":4},"end":{"line":10,"column":null}},"2":{"start":{"line":5,"column":8},"end":{"line":9,"column":14}},"3":{"start":{"line":11,"column":0},"end":{"line":11,"column":null}}},"fnMap":{"0":{"name":"(anonymous_0)","decl":{"start":{"line":3,"column":0},"end":{"line":3,"column":null}},"loc":{"start":{"line":3,"column":0},"end":{"line":11,"column":null}}},"1":{"name":"(anonymous_2)","decl":{"start":{"line":4,"column":4},"end":{"line":4,"column":9}},"loc":{"start":{"line":4,"column":22},"end":{"line":10,"column":6}}}},"branchMap":{},"s":{"0":1,"1":1,"2":1,"3":1},"f":{"0":2,"1":1},"b":{}}
}
